netposbarcodesdk/build/intermediates/manifest_merge_blame_file/debug/manifest-merger-blame-debug-report.txt
1<?xml version="1.0" encoding="utf-8"?>
2<manifest xmlns:android="http://schemas.android.com/apk/res/android"
3    package="com.netpluspay.netposbarcodesdk" >
4
5    <uses-sdk
6        android:minSdkVersion="21"
6-->src/main/AndroidManifest.xml
7        android:targetSdkVersion="31" />
7-->src/main/AndroidManifest.xml
8
9    <uses-feature android:name="android.hardware.camera.any" />
9-->src/main/AndroidManifest.xml:5:5-64
9-->src/main/AndroidManifest.xml:5:19-61
10
11    <uses-permission android:name="android.permission.CAMERA" />
11-->src/main/AndroidManifest.xml:6:5-65
11-->src/main/AndroidManifest.xml:6:22-62
12
13    <application
13-->src/main/AndroidManifest.xml:8:5-18:19
14        android:allowBackup="false"
14-->src/main/AndroidManifest.xml:9:9-36
15        android:icon="@mipmap/ic_launcher"
15-->src/main/AndroidManifest.xml:10:9-43
16        android:roundIcon="@mipmap/ic_launcher_round"
16-->src/main/AndroidManifest.xml:11:9-54
17        android:supportsRtl="true"
17-->src/main/AndroidManifest.xml:12:9-35
18        android:theme="@style/Theme.NetposLibrary" >
18-->src/main/AndroidManifest.xml:13:9-51
19        <activity
19-->src/main/AndroidManifest.xml:14:9-17:20
20            android:name="com.netpluspay.netposbarcodesdk.BarcodeActivity"
20-->src/main/AndroidManifest.xml:15:13-44
21            android:exported="false" >
21-->src/main/AndroidManifest.xml:16:13-37
22        </activity>
23    </application>
24
25</manifest>